# JRE version: OpenJDK Runtime Environment Temurin-17.0.2+8 (17.0.2+8) (build 17.0.2+8)
# Java VM: OpenJDK 64-Bit Server VM Temurin-17.0.2+8 (17.0.2+8, mixed mode, tiered, compressed oops, compressed class ptrs, parallel gc, windows-amd64)
GC Precious Log:
 CPUs: 4 total, 4 available
 Memory: 8048M
 Large Page Support: Disabled
 NUMA Support: Disabled
 Compressed Oops: Enabled (32-bit)
 Alignments: Space 512K, Generation 512K, Heap 2M
 Heap Min Capacity: 100M
 Heap Initial Capacity: 100M
 Heap Max Capacity: 1G
 Pre-touch: Disabled
 Parallel Workers: 4
Heap:
 PSYoungGen      total 5120K, used 4781K [0x00000000eab00000, 0x00000000eb680000, 0x0000000100000000)
  eden space 3584K, 90% used [0x00000000eab00000,0x00000000eae2f088,0x00000000eae80000)
  from space 1536K, 99% used [0x00000000eae80000,0x00000000eaffc3b0,0x00000000eb000000)
  to   space 4096K, 0% used [0x00000000eb280000,0x00000000eb280000,0x00000000eb680000)
 ParOldGen       total 185344K, used 165430K [0x00000000c0000000, 0x00000000cb500000, 0x00000000eab00000)
  object space 185344K, 89% used [0x00000000c0000000,0x00000000ca18d9d8,0x00000000cb500000)
 Metaspace       used 77182K, committed 78080K, reserved 1122304K
  class space    used 7810K, committed 8192K, reserved 1048576K
GC Heap History (20 events):
Event: 1184.117 GC heap before
{Heap before GC invocations=1298 (full 39):
 PSYoungGen      total 2560K, used 2257K [0x00000000eab00000, 0x00000000eaf00000, 0x0000000100000000)
  eden space 1536K, 90% used [0x00000000eab00000,0x00000000eac5c790,0x00000000eac80000)
  from space 1024K, 84% used [0x00000000eae00000,0x00000000eaed8000,0x00000000eaf00000)
  to   space 1024K, 0% used [0x00000000ead00000,0x00000000ead00000,0x00000000eae00000)
 ParOldGen       total 185344K, used 154290K [0x00000000c0000000, 0x00000000cb500000, 0x00000000eab00000)
  object space 185344K, 83% used [0x00000000c0000000,0x00000000c96aca60,0x00000000cb500000)
 Metaspace       used 77156K, committed 78080K, reserved 1122304K
  class space    used 7810K, committed 8192K, reserved 1048576K
}
Event: 1184.120 GC heap after
{Heap after GC invocations=1298 (full 39):
 PSYoungGen      total 3072K, used 1000K [0x00000000eab00000, 0x00000000eb000000, 0x0000000100000000)
  eden space 2048K, 0% used [0x00000000eab00000,0x00000000eab00000,0x00000000ead00000)
  from space 1024K, 97% used [0x00000000ead00000,0x00000000eadfa000,0x00000000eae00000)
  to   space 1536K, 0% used [0x00000000eae80000,0x00000000eae80000,0x00000000eb000000)
 ParOldGen       total 185344K, used 155120K [0x00000000c0000000, 0x00000000cb500000, 0x00000000eab00000)
  object space 185344K, 83% used [0x00000000c0000000,0x00000000c977c158,0x00000000cb500000)
 Metaspace       used 77156K, committed 78080K, reserved 1122304K
  class space    used 7810K, committed 8192K, reserved 1048576K
}
Event: 1184.161 GC heap before
{Heap before GC invocations=1299 (full 39):
 PSYoungGen      total 3072K, used 3048K [0x00000000eab00000, 0x00000000eb000000, 0x0000000100000000)
  eden space 2048K, 100% used [0x00000000eab00000,0x00000000ead00000,0x00000000ead00000)
  from space 1024K, 97% used [0x00000000ead00000,0x00000000eadfa000,0x00000000eae00000)
  to   space 1536K, 0% used [0x00000000eae80000,0x00000000eae80000,0x00000000eb000000)
 ParOldGen       total 185344K, used 155120K [0x00000000c0000000, 0x00000000cb500000, 0x00000000eab00000)
  object space 185344K, 83% used [0x00000000c0000000,0x00000000c977c158,0x00000000cb500000)
 Metaspace       used 77157K, committed 78080K, reserved 1122304K
  class space    used 7810K, committed 8192K, reserved 1048576K
}
Event: 1184.165 GC heap after
{Heap after GC invocations=1299 (full 39):
 PSYoungGen      total 3584K, used 947K [0x00000000eab00000, 0x00000000eaf80000, 0x0000000100000000)
  eden space 2560K, 0% used [0x00000000eab00000,0x00000000eab00000,0x00000000ead80000)
  from space 1024K, 92% used [0x00000000eae80000,0x00000000eaf6cc88,0x00000000eaf80000)
  to   space 1024K, 0% used [0x00000000ead80000,0x00000000ead80000,0x00000000eae80000)
 ParOldGen       total 185344K, used 155878K [0x00000000c0000000, 0x00000000cb500000, 0x00000000eab00000)
  object space 185344K, 84% used [0x00000000c0000000,0x00000000c9839ab0,0x00000000cb500000)
 Metaspace       used 77157K, committed 78080K, reserved 1122304K
  class space    used 7810K, committed 8192K, reserved 1048576K
}
Event: 1184.280 GC heap before
{Heap before GC invocations=1300 (full 39):
 PSYoungGen      total 3584K, used 3507K [0x00000000eab00000, 0x00000000eaf80000, 0x0000000100000000)
  eden space 2560K, 99% used [0x00000000eab00000,0x00000000ead7fff0,0x00000000ead80000)
  from space 1024K, 92% used [0x00000000eae80000,0x00000000eaf6cc88,0x00000000eaf80000)
  to   space 1024K, 0% used [0x00000000ead80000,0x00000000ead80000,0x00000000eae80000)
 ParOldGen       total 185344K, used 155878K [0x00000000c0000000, 0x00000000cb500000, 0x00000000eab00000)
  object space 185344K, 84% used [0x00000000c0000000,0x00000000c9839ab0,0x00000000cb500000)
 Metaspace       used 77157K, committed 78080K, reserved 1122304K
  class space    used 7810K, committed 8192K, reserved 1048576K
}
Event: 1184.282 GC heap after
{Heap after GC invocations=1300 (full 39):
 PSYoungGen      total 3584K, used 696K [0x00000000eab00000, 0x00000000eb000000, 0x0000000100000000)
  eden space 2560K, 0% used [0x00000000eab00000,0x00000000eab00000,0x00000000ead80000)
  from space 1024K, 68% used [0x00000000ead80000,0x00000000eae2e150,0x00000000eae80000)
  to   space 1024K, 0% used [0x00000000eaf00000,0x00000000eaf00000,0x00000000eb000000)
 ParOldGen       total 185344K, used 156715K [0x00000000c0000000, 0x00000000cb500000, 0x00000000eab00000)
  object space 185344K, 84% used [0x00000000c0000000,0x00000000c990aee0,0x00000000cb500000)
 Metaspace       used 77157K, committed 78080K, reserved 1122304K
  class space    used 7810K, committed 8192K, reserved 1048576K
}
Event: 1184.348 GC heap before
{Heap before GC invocations=1301 (full 39):
 PSYoungGen      total 3584K, used 3256K [0x00000000eab00000, 0x00000000eb000000, 0x0000000100000000)
  eden space 2560K, 100% used [0x00000000eab00000,0x00000000ead80000,0x00000000ead80000)
  from space 1024K, 68% used [0x00000000ead80000,0x00000000eae2e150,0x00000000eae80000)
  to   space 1024K, 0% used [0x00000000eaf00000,0x00000000eaf00000,0x00000000eb000000)
 ParOldGen       total 185344K, used 156715K [0x00000000c0000000, 0x00000000cb500000, 0x00000000eab00000)
  object space 185344K, 84% used [0x00000000c0000000,0x00000000c990aee0,0x00000000cb500000)
 Metaspace       used 77160K, committed 78080K, reserved 1122304K
  class space    used 7810K, committed 8192K, reserved 1048576K
}
Event: 1184.352 GC heap after
{Heap after GC invocations=1301 (full 39):
 PSYoungGen      total 3072K, used 1001K [0x00000000eab00000, 0x00000000eb200000, 0x0000000100000000)
  eden space 2048K, 0% used [0x00000000eab00000,0x00000000eab00000,0x00000000ead00000)
  from space 1024K, 97% used [0x00000000eaf00000,0x00000000eaffa7d8,0x00000000eb000000)
  to   space 2048K, 0% used [0x00000000ead00000,0x00000000ead00000,0x00000000eaf00000)
 ParOldGen       total 185344K, used 157219K [0x00000000c0000000, 0x00000000cb500000, 0x00000000eab00000)
  object space 185344K, 84% used [0x00000000c0000000,0x00000000c9988f00,0x00000000cb500000)
 Metaspace       used 77160K, committed 78080K, reserved 1122304K
  class space    used 7810K, committed 8192K, reserved 1048576K
}
Event: 1184.374 GC heap before
{Heap before GC invocations=1302 (full 39):
 PSYoungGen      total 3072K, used 3049K [0x00000000eab00000, 0x00000000eb200000, 0x0000000100000000)
  eden space 2048K, 100% used [0x00000000eab00000,0x00000000ead00000,0x00000000ead00000)
  from space 1024K, 97% used [0x00000000eaf00000,0x00000000eaffa7d8,0x00000000eb000000)
  to   space 2048K, 0% used [0x00000000ead00000,0x00000000ead00000,0x00000000eaf00000)
 ParOldGen       total 185344K, used 157219K [0x00000000c0000000, 0x00000000cb500000, 0x00000000eab00000)
  object space 185344K, 84% used [0x00000000c0000000,0x00000000c9988f00,0x00000000cb500000)
 Metaspace       used 77164K, committed 78080K, reserved 1122304K
  class space    used 7810K, committed 8192K, reserved 1048576K
}
Event: 1184.379 GC heap after
{Heap after GC invocations=1302 (full 39):
 PSYoungGen      total 4096K, used 898K [0x00000000eab00000, 0x00000000eb080000, 0x0000000100000000)
  eden space 2048K, 0% used [0x00000000eab00000,0x00000000eab00000,0x00000000ead00000)
  from space 2048K, 43% used [0x00000000ead00000,0x00000000eade0b68,0x00000000eaf00000)
  to   space 1536K, 0% used [0x00000000eaf00000,0x00000000eaf00000,0x00000000eb080000)
 ParOldGen       total 185344K, used 158196K [0x00000000c0000000, 0x00000000cb500000, 0x00000000eab00000)
  object space 185344K, 85% used [0x00000000c0000000,0x00000000c9a7d2f0,0x00000000cb500000)
 Metaspace       used 77164K, committed 78080K, reserved 1122304K
  class space    used 7810K, committed 8192K, reserved 1048576K
}
Event: 1184.408 GC heap before
{Heap before GC invocations=1303 (full 39):
 PSYoungGen      total 4096K, used 2944K [0x00000000eab00000, 0x00000000eb080000, 0x0000000100000000)
  eden space 2048K, 99% used [0x00000000eab00000,0x00000000eacff5c8,0x00000000ead00000)
  from space 2048K, 43% used [0x00000000ead00000,0x00000000eade0b68,0x00000000eaf00000)
  to   space 1536K, 0% used [0x00000000eaf00000,0x00000000eaf00000,0x00000000eb080000)
 ParOldGen       total 185344K, used 158196K [0x00000000c0000000, 0x00000000cb500000, 0x00000000eab00000)
  object space 185344K, 85% used [0x00000000c0000000,0x00000000c9a7d2f0,0x00000000cb500000)
 Metaspace       used 77164K, committed 78080K, reserved 1122304K
  class space    used 7810K, committed 8192K, reserved 1048576K
}
Event: 1184.412 GC heap after
{Heap after GC invocations=1303 (full 39):
 PSYoungGen      total 3584K, used 640K [0x00000000eab00000, 0x00000000eb000000, 0x0000000100000000)
  eden space 2560K, 0% used [0x00000000eab00000,0x00000000eab00000,0x00000000ead80000)
  from space 1024K, 62% used [0x00000000eaf00000,0x00000000eafa0000,0x00000000eb000000)
  to   space 1024K, 0% used [0x00000000eae00000,0x00000000eae00000,0x00000000eaf00000)
 ParOldGen       total 185344K, used 159048K [0x00000000c0000000, 0x00000000cb500000, 0x00000000eab00000)
  object space 185344K, 85% used [0x00000000c0000000,0x00000000c9b52198,0x00000000cb500000)
 Metaspace       used 77164K, committed 78080K, reserved 1122304K
  class space    used 7810K, committed 8192K, reserved 1048576K
}
Event: 1184.571 GC heap before
{Heap before GC invocations=1304 (full 39):
 PSYoungGen      total 3584K, used 3199K [0x00000000eab00000, 0x00000000eb000000, 0x0000000100000000)
  eden space 2560K, 99% used [0x00000000eab00000,0x00000000ead7fff8,0x00000000ead80000)
  from space 1024K, 62% used [0x00000000eaf00000,0x00000000eafa0000,0x00000000eb000000)
  to   space 1024K, 0% used [0x00000000eae00000,0x00000000eae00000,0x00000000eaf00000)
 ParOldGen       total 185344K, used 159048K [0x00000000c0000000, 0x00000000cb500000, 0x00000000eab00000)
  object space 185344K, 85% used [0x00000000c0000000,0x00000000c9b52198,0x00000000cb500000)
 Metaspace       used 77171K, committed 78080K, reserved 1122304K
  class space    used 7810K, committed 8192K, reserved 1048576K
}
Event: 1184.574 GC heap after
{Heap after GC invocations=1304 (full 39):
 PSYoungGen      total 4096K, used 539K [0x00000000eab00000, 0x00000000eb000000, 0x0000000100000000)
  eden space 3072K, 0% used [0x00000000eab00000,0x00000000eab00000,0x00000000eae00000)
  from space 1024K, 52% used [0x00000000eae00000,0x00000000eae86dc0,0x00000000eaf00000)
  to   space 1024K, 0% used [0x00000000eaf00000,0x00000000eaf00000,0x00000000eb000000)
 ParOldGen       total 185344K, used 159628K [0x00000000c0000000, 0x00000000cb500000, 0x00000000eab00000)
  object space 185344K, 86% used [0x00000000c0000000,0x00000000c9be3150,0x00000000cb500000)
 Metaspace       used 77171K, committed 78080K, reserved 1122304K
  class space    used 7810K, committed 8192K, reserved 1048576K
}
Event: 1184.627 GC heap before
{Heap before GC invocations=1305 (full 39):
 PSYoungGen      total 4096K, used 3611K [0x00000000eab00000, 0x00000000eb000000, 0x0000000100000000)
  eden space 3072K, 99% used [0x00000000eab00000,0x00000000eadfff40,0x00000000eae00000)
  from space 1024K, 52% used [0x00000000eae00000,0x00000000eae86dc0,0x00000000eaf00000)
  to   space 1024K, 0% used [0x00000000eaf00000,0x00000000eaf00000,0x00000000eb000000)
 ParOldGen       total 185344K, used 159628K [0x00000000c0000000, 0x00000000cb500000, 0x00000000eab00000)
  object space 185344K, 86% used [0x00000000c0000000,0x00000000c9be3150,0x00000000cb500000)
 Metaspace       used 77171K, committed 78080K, reserved 1122304K
  class space    used 7810K, committed 8192K, reserved 1048576K
}
Event: 1184.630 GC heap after
{Heap after GC invocations=1305 (full 39):
 PSYoungGen      total 3584K, used 1009K [0x00000000eab00000, 0x00000000eb100000, 0x0000000100000000)
  eden space 2560K, 0% used [0x00000000eab00000,0x00000000eab00000,0x00000000ead80000)
  from space 1024K, 98% used [0x00000000eaf00000,0x00000000eaffc5e0,0x00000000eb000000)
  to   space 1536K, 0% used [0x00000000ead80000,0x00000000ead80000,0x00000000eaf00000)
 ParOldGen       total 185344K, used 159971K [0x00000000c0000000, 0x00000000cb500000, 0x00000000eab00000)
  object space 185344K, 86% used [0x00000000c0000000,0x00000000c9c38ee8,0x00000000cb500000)
 Metaspace       used 77171K, committed 78080K, reserved 1122304K
  class space    used 7810K, committed 8192K, reserved 1048576K
}
Event: 1184.661 GC heap before
{Heap before GC invocations=1306 (full 39):
 PSYoungGen      total 3584K, used 3568K [0x00000000eab00000, 0x00000000eb100000, 0x0000000100000000)
  eden space 2560K, 99% used [0x00000000eab00000,0x00000000ead7fbc0,0x00000000ead80000)
  from space 1024K, 98% used [0x00000000eaf00000,0x00000000eaffc5e0,0x00000000eb000000)
  to   space 1536K, 0% used [0x00000000ead80000,0x00000000ead80000,0x00000000eaf00000)
 ParOldGen       total 185344K, used 159971K [0x00000000c0000000, 0x00000000cb500000, 0x00000000eab00000)
  object space 185344K, 86% used [0x00000000c0000000,0x00000000c9c38ee8,0x00000000cb500000)
 Metaspace       used 77171K, committed 78080K, reserved 1122304K
  class space    used 7810K, committed 8192K, reserved 1048576K
}
Event: 1184.665 GC heap after
{Heap after GC invocations=1306 (full 39):
 PSYoungGen      total 4096K, used 864K [0x00000000eab00000, 0x00000000eb100000, 0x0000000100000000)
  eden space 2560K, 0% used [0x00000000eab00000,0x00000000eab00000,0x00000000ead80000)
  from space 1536K, 56% used [0x00000000ead80000,0x00000000eae58000,0x00000000eaf00000)
  to   space 1536K, 0% used [0x00000000eaf80000,0x00000000eaf80000,0x00000000eb100000)
 ParOldGen       total 185344K, used 160996K [0x00000000c0000000, 0x00000000cb500000, 0x00000000eab00000)
  object space 185344K, 86% used [0x00000000c0000000,0x00000000c9d39398,0x00000000cb500000)
 Metaspace       used 77171K, committed 78080K, reserved 1122304K
  class space    used 7810K, committed 8192K, reserved 1048576K
}
Event: 1184.694 GC heap before
{Heap before GC invocations=1307 (full 39):
 PSYoungGen      total 4096K, used 3424K [0x00000000eab00000, 0x00000000eb100000, 0x0000000100000000)
  eden space 2560K, 100% used [0x00000000eab00000,0x00000000ead80000,0x00000000ead80000)
  from space 1536K, 56% used [0x00000000ead80000,0x00000000eae58000,0x00000000eaf00000)
  to   space 1536K, 0% used [0x00000000eaf80000,0x00000000eaf80000,0x00000000eb100000)
 ParOldGen       total 185344K, used 160996K [0x00000000c0000000, 0x00000000cb500000, 0x00000000eab00000)
  object space 185344K, 86% used [0x00000000c0000000,0x00000000c9d39398,0x00000000cb500000)
 Metaspace       used 77171K, committed 78080K, reserved 1122304K
  class space    used 7810K, committed 8192K, reserved 1048576K
}
Event: 1184.698 GC heap after
{Heap after GC invocations=1307 (full 39):
 PSYoungGen      total 4096K, used 1520K [0x00000000eab00000, 0x00000000eb200000, 0x0000000100000000)
  eden space 2560K, 0% used [0x00000000eab00000,0x00000000eab00000,0x00000000ead80000)
  from space 1536K, 99% used [0x00000000eaf80000,0x00000000eb0fc378,0x00000000eb100000)
  to   space 2048K, 0% used [0x00000000ead80000,0x00000000ead80000,0x00000000eaf80000)
 ParOldGen       total 185344K, used 161128K [0x00000000c0000000, 0x00000000cb500000, 0x00000000eab00000)
  object space 185344K, 86% used [0x00000000c0000000,0x00000000c9d5a3b8,0x00000000cb500000)
 Metaspace       used 77171K, committed 78080K, reserved 1122304K
  class space    used 7810K, committed 8192K, reserved 1048576K
}

